[debug] [2024-11-07T05:22:45.804Z] ----------------------------------------------------------------------
[debug] [2024-11-07T05:22:45.806Z] Command:       /opt/homebrew/Cellar/node/22.5.1/bin/node /Users/sartaj/.npm-global/bin/firebase init
[debug] [2024-11-07T05:22:45.806Z] CLI Version:   13.24.1
[debug] [2024-11-07T05:22:45.806Z] Platform:      darwin
[debug] [2024-11-07T05:22:45.806Z] Node Version:  v22.5.1
[debug] [2024-11-07T05:22:45.807Z] Time:          Thu Nov 07 2024 10:52:45 GMT+0530 (India Standard Time)
[debug] [2024-11-07T05:22:45.807Z] ----------------------------------------------------------------------
[debug] 
[debug] [2024-11-07T05:22:45.810Z] > command requires scopes: ["email","openid","https://www.googleapis.com/auth/cloudplatformprojects.readonly","https://www.googleapis.com/auth/firebase","https://www.googleapis.com/auth/cloud-platform"]
[debug] [2024-11-07T05:22:45.810Z] > authorizing via signed-in user (maliksartaj569@gmail.com)
[info] 
     ######## #### ########  ######## ########     ###     ######  ########
     ##        ##  ##     ## ##       ##     ##  ##   ##  ##       ##
     ######    ##  ########  ######   ########  #########  ######  ######
     ##        ##  ##    ##  ##       ##     ## ##     ##       ## ##
     ##       #### ##     ## ######## ########  ##     ##  ######  ########

You're about to initialize a Firebase project in this directory:

  /Users/sartaj/Desktop/new/project

[info] 
=== Project Setup
[info] 
[info] First, let's associate this project directory with a Firebase project.
[info] You can create multiple project aliases by running firebase use --add, 
[info] but for now we'll just set up a default project.
[info] 
[info] i  If you want to create a project in a Google Cloud organization or folder, please use "firebase projects:create" instead, and return to this command when you've created the project. 
[debug] [2024-11-07T05:23:36.675Z] Checked if tokens are valid: true, expires at: 1730958547317
[debug] [2024-11-07T05:23:36.676Z] Checked if tokens are valid: true, expires at: 1730958547317
[debug] [2024-11-07T05:23:36.678Z] >>> [apiv2][query] POST https://cloudresourcemanager.googleapis.com/v1/projects [none]
[debug] [2024-11-07T05:23:36.678Z] >>> [apiv2][body] POST https://cloudresourcemanager.googleapis.com/v1/projects {"projectId":"bakeshop","name":"bissho"}
[debug] [2024-11-07T05:23:39.438Z] <<< [apiv2][status] POST https://cloudresourcemanager.googleapis.com/v1/projects 409
[debug] [2024-11-07T05:23:39.438Z] <<< [apiv2][body] POST https://cloudresourcemanager.googleapis.com/v1/projects {"error":{"code":409,"message":"Requested entity already exists","status":"ALREADY_EXISTS"}}
[debug] [2024-11-07T05:23:41.750Z] FirebaseError: Request to https://cloudresourcemanager.googleapis.com/v1/projects had HTTP Error: 409, Requested entity already exists
    at responseToError (/Users/sartaj/.npm-global/lib/node_modules/firebase-tools/lib/responseToError.js:52:12)
    at RetryOperation._fn (/Users/sartaj/.npm-global/lib/node_modules/firebase-tools/lib/apiv2.js:312:77)
    at process.processTicksAndRejections (node:internal/process/task_queues:95:5)
[error] 
[error] Error: Failed to create project because there is already a project with ID bakeshop. Please try again with a unique project ID.
[debug] [2024-11-07T05:23:50.168Z] ----------------------------------------------------------------------
[debug] [2024-11-07T05:23:50.169Z] Command:       /opt/homebrew/Cellar/node/22.5.1/bin/node /Users/sartaj/.npm-global/bin/firebase init
[debug] [2024-11-07T05:23:50.170Z] CLI Version:   13.24.1
[debug] [2024-11-07T05:23:50.170Z] Platform:      darwin
[debug] [2024-11-07T05:23:50.170Z] Node Version:  v22.5.1
[debug] [2024-11-07T05:23:50.170Z] Time:          Thu Nov 07 2024 10:53:50 GMT+0530 (India Standard Time)
[debug] [2024-11-07T05:23:50.170Z] ----------------------------------------------------------------------
[debug] 
[debug] [2024-11-07T05:23:50.174Z] > command requires scopes: ["email","openid","https://www.googleapis.com/auth/cloudplatformprojects.readonly","https://www.googleapis.com/auth/firebase","https://www.googleapis.com/auth/cloud-platform"]
[debug] [2024-11-07T05:23:50.174Z] > authorizing via signed-in user (maliksartaj569@gmail.com)
[info] 
     ######## #### ########  ######## ########     ###     ######  ########
     ##        ##  ##     ## ##       ##     ##  ##   ##  ##       ##
     ######    ##  ########  ######   ########  #########  ######  ######
     ##        ##  ##    ##  ##       ##     ## ##     ##       ## ##
     ##       #### ##     ## ######## ########  ##     ##  ######  ########

You're about to initialize a Firebase project in this directory:

  /Users/sartaj/Desktop/new/project

[info] 
=== Project Setup
[info] 
[info] First, let's associate this project directory with a Firebase project.
[info] You can create multiple project aliases by running firebase use --add, 
[info] but for now we'll just set up a default project.
[info] 
[info] i  If you want to create a project in a Google Cloud organization or folder, please use "firebase projects:create" instead, and return to this command when you've created the project. 
[debug] [2024-11-07T05:24:19.693Z] Checked if tokens are valid: true, expires at: 1730958547317
[debug] [2024-11-07T05:24:19.693Z] Checked if tokens are valid: true, expires at: 1730958547317
[debug] [2024-11-07T05:24:19.695Z] >>> [apiv2][query] POST https://cloudresourcemanager.googleapis.com/v1/projects [none]
[debug] [2024-11-07T05:24:19.695Z] >>> [apiv2][body] POST https://cloudresourcemanager.googleapis.com/v1/projects {"projectId":"jarvis@123","name":"yasar@122"}
[debug] [2024-11-07T05:24:22.401Z] <<< [apiv2][status] POST https://cloudresourcemanager.googleapis.com/v1/projects 400
[debug] [2024-11-07T05:24:22.401Z] <<< [apiv2][body] POST https://cloudresourcemanager.googleapis.com/v1/projects {"error":{"code":400,"message":"Request contains an invalid argument.","status":"INVALID_ARGUMENT","details":[{"@type":"type.googleapis.com/google.rpc.BadRequest","fieldViolations":[{"field":"project_id","description":"project_id contains invalid characters"},{"field":"display_name","description":"project display name contains invalid characters"}]},{"@type":"type.googleapis.com/google.rpc.Help","links":[{"url":"https://cloud.google.com/resource-manager/reference/rest/v1/projects"}]}]}}
[debug] [2024-11-07T05:24:22.639Z] FirebaseError: Request to https://cloudresourcemanager.googleapis.com/v1/projects had HTTP Error: 400, Request contains an invalid argument.
    at responseToError (/Users/sartaj/.npm-global/lib/node_modules/firebase-tools/lib/responseToError.js:52:12)
    at RetryOperation._fn (/Users/sartaj/.npm-global/lib/node_modules/firebase-tools/lib/apiv2.js:312:77)
    at process.processTicksAndRejections (node:internal/process/task_queues:95:5)
[error] 
[error] Error: Failed to create project. See firebase-debug.log for more info.
[debug] [2024-11-07T05:24:42.948Z] ----------------------------------------------------------------------
[debug] [2024-11-07T05:24:42.950Z] Command:       /opt/homebrew/Cellar/node/22.5.1/bin/node /Users/sartaj/.npm-global/bin/firebase init
[debug] [2024-11-07T05:24:42.950Z] CLI Version:   13.24.1
[debug] [2024-11-07T05:24:42.950Z] Platform:      darwin
[debug] [2024-11-07T05:24:42.950Z] Node Version:  v22.5.1
[debug] [2024-11-07T05:24:42.951Z] Time:          Thu Nov 07 2024 10:54:42 GMT+0530 (India Standard Time)
[debug] [2024-11-07T05:24:42.951Z] ----------------------------------------------------------------------
[debug] 
[debug] [2024-11-07T05:24:42.954Z] > command requires scopes: ["email","openid","https://www.googleapis.com/auth/cloudplatformprojects.readonly","https://www.googleapis.com/auth/firebase","https://www.googleapis.com/auth/cloud-platform"]
[debug] [2024-11-07T05:24:42.955Z] > authorizing via signed-in user (maliksartaj569@gmail.com)
[info] 
     ######## #### ########  ######## ########     ###     ######  ########
     ##        ##  ##     ## ##       ##     ##  ##   ##  ##       ##
     ######    ##  ########  ######   ########  #########  ######  ######
     ##        ##  ##    ##  ##       ##     ## ##     ##       ## ##
     ##       #### ##     ## ######## ########  ##     ##  ######  ########

You're about to initialize a Firebase project in this directory:

  /Users/sartaj/Desktop/new/project

[info] 
=== Project Setup
[info] 
[info] First, let's associate this project directory with a Firebase project.
[info] You can create multiple project aliases by running firebase use --add, 
[info] but for now we'll just set up a default project.
[info] 
[info] i  If you want to create a project in a Google Cloud organization or folder, please use "firebase projects:create" instead, and return to this command when you've created the project. 
